Analysis & Synthesis report for dino
Fri Jun 19 15:15:32 2026
Quartus Prime Version 25.1std.0 Build 1129 10/21/2025 SC Lite Edition


---------------------
; Table of Contents ;
---------------------
  1. Legal Notice
  2. Analysis & Synthesis Summary
  3. Analysis & Synthesis Settings
  4. Parallel Compilation
  5. Analysis & Synthesis Source Files Read
  6. Analysis & Synthesis Resource Usage Summary
  7. Analysis & Synthesis Resource Utilization by Entity
  8. Analysis & Synthesis RAM Summary
  9. State Machine - |dino|state
 10. Registers Removed During Synthesis
 11. General Register Statistics
 12. Inverted Register Statistics
 13. Registers Packed Into Inferred Megafunctions
 14. Multiplexer Restructuring Statistics (Restructuring Performed)
 15. Source assignments for altsyncram:rom_rtl_0|altsyncram_8gd1:auto_generated
 16. Parameter Settings for Inferred Entity Instance: altsyncram:rom_rtl_0
 17. Parameter Settings for Inferred Entity Instance: lpm_divide:Mod0
 18. Parameter Settings for Inferred Entity Instance: lpm_divide:Div0
 19. Parameter Settings for Inferred Entity Instance: lpm_divide:Mod1
 20. Parameter Settings for Inferred Entity Instance: lpm_divide:Div1
 21. Parameter Settings for Inferred Entity Instance: lpm_divide:Mod2
 22. Parameter Settings for Inferred Entity Instance: lpm_divide:Div2
 23. Parameter Settings for Inferred Entity Instance: lpm_divide:Mod3
 24. altsyncram Parameter Settings by Entity Instance
 25. Post-Synthesis Netlist Statistics for Top Partition
 26. Elapsed Time Per Partition
 27. Analysis & Synthesis Messages



----------------
; Legal Notice ;
----------------
Copyright (C) 2025  Altera Corporation. All rights reserved.
Your use of Altera Corporation's design tools, logic functions 
and other software and tools, and any partner logic 
functions, and any output files from any of the foregoing 
(including device programming or simulation files), and any 
associated documentation or information are expressly subject 
to the terms and conditions of the Altera Program License 
Subscription Agreement, the Altera Quartus Prime License Agreement,
the Altera IP License Agreement, or other applicable license
agreement, including, without limitation, that your use is for
the sole purpose of programming logic devices manufactured by
Altera and sold by Altera or its authorized distributors.  Please
refer to the Altera Software License Subscription Agreements 
on the Quartus Prime software download page.



+-----------------------------------------------------------------------------------+
; Analysis & Synthesis Summary                                                      ;
+---------------------------------+-------------------------------------------------+
; Analysis & Synthesis Status     ; Successful - Fri Jun 19 15:15:32 2026           ;
; Quartus Prime Version           ; 25.1std.0 Build 1129 10/21/2025 SC Lite Edition ;
; Revision Name                   ; dino                                            ;
; Top-level Entity Name           ; dino                                            ;
; Family                          ; Cyclone V                                       ;
; Logic utilization (in ALMs)     ; N/A                                             ;
; Total registers                 ; 148                                             ;
; Total pins                      ; 71                                              ;
; Total virtual pins              ; 0                                               ;
; Total block memory bits         ; 209,664                                         ;
; Total DSP Blocks                ; 0                                               ;
; Total HSSI RX PCSs              ; 0                                               ;
; Total HSSI PMA RX Deserializers ; 0                                               ;
; Total HSSI TX PCSs              ; 0                                               ;
; Total HSSI PMA TX Serializers   ; 0                                               ;
; Total PLLs                      ; 0                                               ;
; Total DLLs                      ; 0                                               ;
+---------------------------------+-------------------------------------------------+


+---------------------------------------------------------------------------------------------------------------------------+
; Analysis & Synthesis Settings                                                                                             ;
+---------------------------------------------------------------------------------+--------------------+--------------------+
; Option                                                                          ; Setting            ; Default Value      ;
+---------------------------------------------------------------------------------+--------------------+--------------------+
; Device                                                                          ; 5CEBA4F23C7        ;                    ;
; Top-level entity name                                                           ; dino               ; dino               ;
; Family name                                                                     ; Cyclone V          ; Cyclone V          ;
; Use smart compilation                                                           ; Off                ; Off                ;
; Enable parallel Assembler and Timing Analyzer during compilation                ; On                 ; On                 ;
; Enable compact report table                                                     ; Off                ; Off                ;
; Restructure Multiplexers                                                        ; Auto               ; Auto               ;
; MLAB Add Timing Constraints For Mixed-Port Feed-Through Mode Setting Don't Care ; Off                ; Off                ;
; Create Debugging Nodes for IP Cores                                             ; Off                ; Off                ;
; Preserve fewer node names                                                       ; On                 ; On                 ;
; Intel FPGA IP Evaluation Mode                                                   ; Enable             ; Enable             ;
; Verilog Version                                                                 ; Verilog_2001       ; Verilog_2001       ;
; VHDL Version                                                                    ; VHDL_1993          ; VHDL_1993          ;
; State Machine Processing                                                        ; Auto               ; Auto               ;
; Safe State Machine                                                              ; Off                ; Off                ;
; Extract Verilog State Machines                                                  ; On                 ; On                 ;
; Extract VHDL State Machines                                                     ; On                 ; On                 ;
; Ignore Verilog initial constructs                                               ; Off                ; Off                ;
; Iteration limit for constant Verilog loops                                      ; 5000               ; 5000               ;
; Iteration limit for non-constant Verilog loops                                  ; 250                ; 250                ;
; Add Pass-Through Logic to Inferred RAMs                                         ; On                 ; On                 ;
; Infer RAMs from Raw Logic                                                       ; On                 ; On                 ;
; Parallel Synthesis                                                              ; On                 ; On                 ;
; DSP Block Balancing                                                             ; Auto               ; Auto               ;
; NOT Gate Push-Back                                                              ; On                 ; On                 ;
; Power-Up Don't Care                                                             ; On                 ; On                 ;
; Remove Redundant Logic Cells                                                    ; Off                ; Off                ;
; Remove Duplicate Registers                                                      ; On                 ; On                 ;
; Ignore CARRY Buffers                                                            ; Off                ; Off                ;
; Ignore CASCADE Buffers                                                          ; Off                ; Off                ;
; Ignore GLOBAL Buffers                                                           ; Off                ; Off                ;
; Ignore ROW GLOBAL Buffers                                                       ; Off                ; Off                ;
; Ignore LCELL Buffers                                                            ; Off                ; Off                ;
; Ignore SOFT Buffers                                                             ; On                 ; On                 ;
; Limit AHDL Integers to 32 Bits                                                  ; Off                ; Off                ;
; Optimization Technique                                                          ; Balanced           ; Balanced           ;
; Carry Chain Length                                                              ; 70                 ; 70                 ;
; Auto Carry Chains                                                               ; On                 ; On                 ;
; Auto Open-Drain Pins                                                            ; On                 ; On                 ;
; Perform WYSIWYG Primitive Resynthesis                                           ; Off                ; Off                ;
; Auto ROM Replacement                                                            ; On                 ; On                 ;
; Auto RAM Replacement                                                            ; On                 ; On                 ;
; Auto DSP Block Replacement                                                      ; On                 ; On                 ;
; Auto Shift Register Replacement                                                 ; Auto               ; Auto               ;
; Allow Shift Register Merging across Hierarchies                                 ; Auto               ; Auto               ;
; Auto Clock Enable Replacement                                                   ; On                 ; On                 ;
; Strict RAM Replacement                                                          ; Off                ; Off                ;
; Allow Synchronous Control Signals                                               ; On                 ; On                 ;
; Force Use of Synchronous Clear Signals                                          ; Off                ; Off                ;
; Auto Resource Sharing                                                           ; Off                ; Off                ;
; Allow Any RAM Size For Recognition                                              ; Off                ; Off                ;
; Allow Any ROM Size For Recognition                                              ; Off                ; Off                ;
; Allow Any Shift Register Size For Recognition                                   ; Off                ; Off                ;
; Use LogicLock Constraints during Resource Balancing                             ; On                 ; On                 ;
; Ignore translate_off and synthesis_off directives                               ; Off                ; Off                ;
; Timing-Driven Synthesis                                                         ; On                 ; On                 ;
; Report Parameter Settings                                                       ; On                 ; On                 ;
; Report Source Assignments                                                       ; On                 ; On                 ;
; Report Connectivity Checks                                                      ; On                 ; On                 ;
; Ignore Maximum Fan-Out Assignments                                              ; Off                ; Off                ;
; Synchronization Register Chain Length                                           ; 3                  ; 3                  ;
; Power Optimization During Synthesis                                             ; Normal compilation ; Normal compilation ;
; HDL message level                                                               ; Level2             ; Level2             ;
; Suppress Register Optimization Related Messages                                 ; Off                ; Off                ;
; Number of Removed Registers Reported in Synthesis Report                        ; 5000               ; 5000               ;
; Number of Swept Nodes Reported in Synthesis Report                              ; 5000               ; 5000               ;
; Number of Inverted Registers Reported in Synthesis Report                       ; 100                ; 100                ;
; Clock MUX Protection                                                            ; On                 ; On                 ;
; Auto Gated Clock Conversion                                                     ; Off                ; Off                ;
; Block Design Naming                                                             ; Auto               ; Auto               ;
; SDC constraint protection                                                       ; Off                ; Off                ;
; Synthesis Effort                                                                ; Auto               ; Auto               ;
; Shift Register Replacement - Allow Asynchronous Clear Signal                    ; On                 ; On                 ;
; Pre-Mapping Resynthesis Optimization                                            ; Off                ; Off                ;
; Analysis & Synthesis Message Level                                              ; Medium             ; Medium             ;
; Disable Register Merging Across Hierarchies                                     ; Auto               ; Auto               ;
; Resource Aware Inference For Block RAM                                          ; On                 ; On                 ;
; Automatic Parallel Synthesis                                                    ; On                 ; On                 ;
; Partial Reconfiguration Bitstream ID                                            ; Off                ; Off                ;
+---------------------------------------------------------------------------------+--------------------+--------------------+


+------------------------------------------+
; Parallel Compilation                     ;
+----------------------------+-------------+
; Processors                 ; Number      ;
+----------------------------+-------------+
; Number detected on machine ; 14          ;
; Maximum allowed            ; 12          ;
;                            ;             ;
; Average used               ; 1.00        ;
; Maximum used               ; 12          ;
;                            ;             ;
; Usage by Processor         ; % Time Used ;
;     Processor 1            ; 100.0%      ;
;     Processor 2            ;   0.0%      ;
;     Processor 3            ;   0.0%      ;
;     Processor 4            ;   0.0%      ;
;     Processor 5            ;   0.0%      ;
;     Processor 6            ;   0.0%      ;
;     Processor 7            ;   0.0%      ;
;     Processors 8-12        ;   0.0%      ;
+----------------------------+-------------+


+--------------------------------------------------------------------------------------------------------------------------------------------------------------------------------+
; Analysis & Synthesis Source Files Read                                                                                                                                         ;
+----------------------------------+-----------------+----------------------------------+------------------------------------------------------------------------------+---------+
; File Name with User-Entered Path ; Used in Netlist ; File Type                        ; File Name with Absolute Path                                                 ; Library ;
+----------------------------------+-----------------+----------------------------------+------------------------------------------------------------------------------+---------+
; dino.vhd                         ; yes             ; User VHDL File                   ; C:/Users/kaga/Desktop/FPGA-Monitor/dino/dino.vhd                             ;         ;
; sprite.mif                       ; yes             ; User Memory Initialization File  ; C:/Users/kaga/Desktop/FPGA-Monitor/dino/sprite.mif                           ;         ;
; altsyncram.tdf                   ; yes             ; Megafunction                     ; c:/altera_lite/25.1std/quartus/libraries/megafunctions/altsyncram.tdf        ;         ;
; stratix_ram_block.inc            ; yes             ; Megafunction                     ; c:/altera_lite/25.1std/quartus/libraries/megafunctions/stratix_ram_block.inc ;         ;
; lpm_mux.inc                      ; yes             ; Megafunction                     ; c:/altera_lite/25.1std/quartus/libraries/megafunctions/lpm_mux.inc           ;         ;
; lpm_decode.inc                   ; yes             ; Megafunction                     ; c:/altera_lite/25.1std/quartus/libraries/megafunctions/lpm_decode.inc        ;         ;
; aglobal251.inc                   ; yes             ; Megafunction                     ; c:/altera_lite/25.1std/quartus/libraries/megafunctions/aglobal251.inc        ;         ;
; a_rdenreg.inc                    ; yes             ; Megafunction                     ; c:/altera_lite/25.1std/quartus/libraries/megafunctions/a_rdenreg.inc         ;         ;
; altrom.inc                       ; yes             ; Megafunction                     ; c:/altera_lite/25.1std/quartus/libraries/megafunctions/altrom.inc            ;         ;
; altram.inc                       ; yes             ; Megafunction                     ; c:/altera_lite/25.1std/quartus/libraries/megafunctions/altram.inc            ;         ;
; altdpram.inc                     ; yes             ; Megafunction                     ; c:/altera_lite/25.1std/quartus/libraries/megafunctions/altdpram.inc          ;         ;
; db/altsyncram_8gd1.tdf           ; yes             ; Auto-Generated Megafunction      ; C:/Users/kaga/Desktop/FPGA-Monitor/dino/db/altsyncram_8gd1.tdf               ;         ;
; db/mux_1hb.tdf                   ; yes             ; Auto-Generated Megafunction      ; C:/Users/kaga/Desktop/FPGA-Monitor/dino/db/mux_1hb.tdf                       ;         ;
; lpm_divide.tdf                   ; yes             ; Megafunction                     ; c:/altera_lite/25.1std/quartus/libraries/megafunctions/lpm_divide.tdf        ;         ;
; abs_divider.inc                  ; yes             ; Megafunction                     ; c:/altera_lite/25.1std/quartus/libraries/megafunctions/abs_divider.inc       ;         ;
; sign_div_unsign.inc              ; yes             ; Megafunction                     ; c:/altera_lite/25.1std/quartus/libraries/megafunctions/sign_div_unsign.inc   ;         ;
; db/lpm_divide_65m.tdf            ; yes             ; Auto-Generated Megafunction      ; C:/Users/kaga/Desktop/FPGA-Monitor/dino/db/lpm_divide_65m.tdf                ;         ;
; db/sign_div_unsign_9nh.tdf       ; yes             ; Auto-Generated Megafunction      ; C:/Users/kaga/Desktop/FPGA-Monitor/dino/db/sign_div_unsign_9nh.tdf           ;         ;
; db/alt_u_div_o2f.tdf             ; yes             ; Auto-Generated Megafunction      ; C:/Users/kaga/Desktop/FPGA-Monitor/dino/db/alt_u_div_o2f.tdf                 ;         ;
; db/lpm_divide_ibm.tdf            ; yes             ; Auto-Generated Megafunction      ; C:/Users/kaga/Desktop/FPGA-Monitor/dino/db/lpm_divide_ibm.tdf                ;         ;
; db/sign_div_unsign_olh.tdf       ; yes             ; Auto-Generated Megafunction      ; C:/Users/kaga/Desktop/FPGA-Monitor/dino/db/sign_div_unsign_olh.tdf           ;         ;
; db/alt_u_div_mve.tdf             ; yes             ; Auto-Generated Megafunction      ; C:/Users/kaga/Desktop/FPGA-Monitor/dino/db/alt_u_div_mve.tdf                 ;         ;
; db/lpm_divide_lbm.tdf            ; yes             ; Auto-Generated Megafunction      ; C:/Users/kaga/Desktop/FPGA-Monitor/dino/db/lpm_divide_lbm.tdf                ;         ;
; db/sign_div_unsign_rlh.tdf       ; yes             ; Auto-Generated Megafunction      ; C:/Users/kaga/Desktop/FPGA-Monitor/dino/db/sign_div_unsign_rlh.tdf           ;         ;
; db/alt_u_div_sve.tdf             ; yes             ; Auto-Generated Megafunction      ; C:/Users/kaga/Desktop/FPGA-Monitor/dino/db/alt_u_div_sve.tdf                 ;         ;
; db/lpm_divide_vcm.tdf            ; yes             ; Auto-Generated Megafunction      ; C:/Users/kaga/Desktop/FPGA-Monitor/dino/db/lpm_divide_vcm.tdf                ;         ;
; db/sign_div_unsign_5nh.tdf       ; yes             ; Auto-Generated Megafunction      ; C:/Users/kaga/Desktop/FPGA-Monitor/dino/db/sign_div_unsign_5nh.tdf           ;         ;
; db/alt_u_div_g2f.tdf             ; yes             ; Auto-Generated Megafunction      ; C:/Users/kaga/Desktop/FPGA-Monitor/dino/db/alt_u_div_g2f.tdf                 ;         ;
+----------------------------------+-----------------+----------------------------------+------------------------------------------------------------------------------+---------+


+--------------------------------------------------------------+
; Analysis & Synthesis Resource Usage Summary                  ;
+---------------------------------------------+----------------+
; Resource                                    ; Usage          ;
+---------------------------------------------+----------------+
; Estimate of Logic utilization (ALMs needed) ; 812            ;
;                                             ;                ;
; Combinational ALUT usage for logic          ; 1530           ;
;     -- 7 input functions                    ; 4              ;
;     -- 6 input functions                    ; 87             ;
;     -- 5 input functions                    ; 139            ;
;     -- 4 input functions                    ; 283            ;
;     -- <=3 input functions                  ; 1017           ;
;                                             ;                ;
; Dedicated logic registers                   ; 148            ;
;                                             ;                ;
; I/O pins                                    ; 71             ;
; Total MLAB memory bits                      ; 0              ;
; Total block memory bits                     ; 209664         ;
;                                             ;                ;
; Total DSP Blocks                            ; 0              ;
;                                             ;                ;
; Maximum fan-out node                        ; CLOCK_50~input ;
; Maximum fan-out                             ; 174            ;
; Total fan-out                               ; 5953           ;
; Average fan-out                             ; 3.22           ;
+---------------------------------------------+----------------+


+----------------------------------------------------------------------------------------------------------------------------------------------------------------------------------------------------------------------------------------------------------------------------------------------+
; Analysis & Synthesis Resource Utilization by Entity                                                                                                                                                                                                                                          ;
+----------------------------------------+---------------------+---------------------------+-------------------+------------+------+--------------+-------------------------------------------------------------------------------------------------------+---------------------+--------------+
; Compilation Hierarchy Node             ; Combinational ALUTs ; Dedicated Logic Registers ; Block Memory Bits ; DSP Blocks ; Pins ; Virtual Pins ; Full Hierarchy Name                                                                                   ; Entity Name         ; Library Name ;
+----------------------------------------+---------------------+---------------------------+-------------------+------------+------+--------------+-------------------------------------------------------------------------------------------------------+---------------------+--------------+
; |dino                                  ; 1530 (486)          ; 148 (147)                 ; 209664            ; 0          ; 71   ; 0            ; |dino                                                                                                 ; dino                ; work         ;
;    |altsyncram:rom_rtl_0|              ; 0 (0)               ; 1 (0)                     ; 209664            ; 0          ; 0    ; 0            ; |dino|altsyncram:rom_rtl_0                                                                            ; altsyncram          ; work         ;
;       |altsyncram_8gd1:auto_generated| ; 0 (0)               ; 1 (1)                     ; 209664            ; 0          ; 0    ; 0            ; |dino|altsyncram:rom_rtl_0|altsyncram_8gd1:auto_generated                                             ; altsyncram_8gd1     ; work         ;
;    |lpm_divide:Div0|                   ; 115 (0)             ; 0 (0)                     ; 0                 ; 0          ; 0    ; 0            ; |dino|lpm_divide:Div0                                                                                 ; lpm_divide          ; work         ;
;       |lpm_divide_ibm:auto_generated|  ; 115 (0)             ; 0 (0)                     ; 0                 ; 0          ; 0    ; 0            ; |dino|lpm_divide:Div0|lpm_divide_ibm:auto_generated                                                   ; lpm_divide_ibm      ; work         ;
;          |sign_div_unsign_olh:divider| ; 115 (0)             ; 0 (0)                     ; 0                 ; 0          ; 0    ; 0            ; |dino|lpm_divide:Div0|lpm_divide_ibm:auto_generated|sign_div_unsign_olh:divider                       ; sign_div_unsign_olh ; work         ;
;             |alt_u_div_mve:divider|    ; 115 (115)           ; 0 (0)                     ; 0                 ; 0          ; 0    ; 0            ; |dino|lpm_divide:Div0|lpm_divide_ibm:auto_generated|sign_div_unsign_olh:divider|alt_u_div_mve:divider ; alt_u_div_mve       ; work         ;
;    |lpm_divide:Div1|                   ; 136 (0)             ; 0 (0)                     ; 0                 ; 0          ; 0    ; 0            ; |dino|lpm_divide:Div1                                                                                 ; lpm_divide          ; work         ;
;       |lpm_divide_lbm:auto_generated|  ; 136 (0)             ; 0 (0)                     ; 0                 ; 0          ; 0    ; 0            ; |dino|lpm_divide:Div1|lpm_divide_lbm:auto_generated                                                   ; lpm_divide_lbm      ; work         ;
;          |sign_div_unsign_rlh:divider| ; 136 (0)             ; 0 (0)                     ; 0                 ; 0          ; 0    ; 0            ; |dino|lpm_divide:Div1|lpm_divide_lbm:auto_generated|sign_div_unsign_rlh:divider                       ; sign_div_unsign_rlh ; work         ;
;             |alt_u_div_sve:divider|    ; 136 (136)           ; 0 (0)                     ; 0                 ; 0          ; 0    ; 0            ; |dino|lpm_divide:Div1|lpm_divide_lbm:auto_generated|sign_div_unsign_rlh:divider|alt_u_div_sve:divider ; alt_u_div_sve       ; work         ;
;    |lpm_divide:Div2|                   ; 112 (0)             ; 0 (0)                     ; 0                 ; 0          ; 0    ; 0            ; |dino|lpm_divide:Div2                                                                                 ; lpm_divide          ; work         ;
;       |lpm_divide_vcm:auto_generated|  ; 112 (0)             ; 0 (0)                     ; 0                 ; 0          ; 0    ; 0            ; |dino|lpm_divide:Div2|lpm_divide_vcm:auto_generated                                                   ; lpm_divide_vcm      ; work         ;
;          |sign_div_unsign_5nh:divider| ; 112 (0)             ; 0 (0)                     ; 0                 ; 0          ; 0    ; 0            ; |dino|lpm_divide:Div2|lpm_divide_vcm:auto_generated|sign_div_unsign_5nh:divider                       ; sign_div_unsign_5nh ; work         ;
;             |alt_u_div_g2f:divider|    ; 112 (112)           ; 0 (0)                     ; 0                 ; 0          ; 0    ; 0            ; |dino|lpm_divide:Div2|lpm_divide_vcm:auto_generated|sign_div_unsign_5nh:divider|alt_u_div_g2f:divider ; alt_u_div_g2f       ; work         ;
;    |lpm_divide:Mod0|                   ; 241 (0)             ; 0 (0)                     ; 0                 ; 0          ; 0    ; 0            ; |dino|lpm_divide:Mod0                                                                                 ; lpm_divide          ; work         ;
;       |lpm_divide_65m:auto_generated|  ; 241 (0)             ; 0 (0)                     ; 0                 ; 0          ; 0    ; 0            ; |dino|lpm_divide:Mod0|lpm_divide_65m:auto_generated                                                   ; lpm_divide_65m      ; work         ;
;          |sign_div_unsign_9nh:divider| ; 241 (0)             ; 0 (0)                     ; 0                 ; 0          ; 0    ; 0            ; |dino|lpm_divide:Mod0|lpm_divide_65m:auto_generated|sign_div_unsign_9nh:divider                       ; sign_div_unsign_9nh ; work         ;
;             |alt_u_div_o2f:divider|    ; 241 (241)           ; 0 (0)                     ; 0                 ; 0          ; 0    ; 0            ; |dino|lpm_divide:Mod0|lpm_divide_65m:auto_generated|sign_div_unsign_9nh:divider|alt_u_div_o2f:divider ; alt_u_div_o2f       ; work         ;
;    |lpm_divide:Mod1|                   ; 222 (0)             ; 0 (0)                     ; 0                 ; 0          ; 0    ; 0            ; |dino|lpm_divide:Mod1                                                                                 ; lpm_divide          ; work         ;
;       |lpm_divide_65m:auto_generated|  ; 222 (0)             ; 0 (0)                     ; 0                 ; 0          ; 0    ; 0            ; |dino|lpm_divide:Mod1|lpm_divide_65m:auto_generated                                                   ; lpm_divide_65m      ; work         ;
;          |sign_div_unsign_9nh:divider| ; 222 (0)             ; 0 (0)                     ; 0                 ; 0          ; 0    ; 0            ; |dino|lpm_divide:Mod1|lpm_divide_65m:auto_generated|sign_div_unsign_9nh:divider                       ; sign_div_unsign_9nh ; work         ;
;             |alt_u_div_o2f:divider|    ; 222 (222)           ; 0 (0)                     ; 0                 ; 0          ; 0    ; 0            ; |dino|lpm_divide:Mod1|lpm_divide_65m:auto_generated|sign_div_unsign_9nh:divider|alt_u_div_o2f:divider ; alt_u_div_o2f       ; work         ;
;    |lpm_divide:Mod2|                   ; 156 (0)             ; 0 (0)                     ; 0                 ; 0          ; 0    ; 0            ; |dino|lpm_divide:Mod2                                                                                 ; lpm_divide          ; work         ;
;       |lpm_divide_65m:auto_generated|  ; 156 (0)             ; 0 (0)                     ; 0                 ; 0          ; 0    ; 0            ; |dino|lpm_divide:Mod2|lpm_divide_65m:auto_generated                                                   ; lpm_divide_65m      ; work         ;
;          |sign_div_unsign_9nh:divider| ; 156 (0)             ; 0 (0)                     ; 0                 ; 0          ; 0    ; 0            ; |dino|lpm_divide:Mod2|lpm_divide_65m:auto_generated|sign_div_unsign_9nh:divider                       ; sign_div_unsign_9nh ; work         ;
;             |alt_u_div_o2f:divider|    ; 156 (156)           ; 0 (0)                     ; 0                 ; 0          ; 0    ; 0            ; |dino|lpm_divide:Mod2|lpm_divide_65m:auto_generated|sign_div_unsign_9nh:divider|alt_u_div_o2f:divider ; alt_u_div_o2f       ; work         ;
;    |lpm_divide:Mod3|                   ; 62 (0)              ; 0 (0)                     ; 0                 ; 0          ; 0    ; 0            ; |dino|lpm_divide:Mod3                                                                                 ; lpm_divide          ; work         ;
;       |lpm_divide_65m:auto_generated|  ; 62 (0)              ; 0 (0)                     ; 0                 ; 0          ; 0    ; 0            ; |dino|lpm_divide:Mod3|lpm_divide_65m:auto_generated                                                   ; lpm_divide_65m      ; work         ;
;          |sign_div_unsign_9nh:divider| ; 62 (0)              ; 0 (0)                     ; 0                 ; 0          ; 0    ; 0            ; |dino|lpm_divide:Mod3|lpm_divide_65m:auto_generated|sign_div_unsign_9nh:divider                       ; sign_div_unsign_9nh ; work         ;
;             |alt_u_div_o2f:divider|    ; 62 (62)             ; 0 (0)                     ; 0                 ; 0          ; 0    ; 0            ; |dino|lpm_divide:Mod3|lpm_divide_65m:auto_generated|sign_div_unsign_9nh:divider|alt_u_div_o2f:divider ; alt_u_div_o2f       ; work         ;
+----------------------------------------+---------------------+---------------------------+-------------------+------------+------+--------------+-------------------------------------------------------------------------------------------------------+---------------------+--------------+
Note: For table entries with two numbers listed, the numbers in parentheses indicate the number of resources of the given type used by the specific entity alone. The numbers listed outside of parentheses indicate the total resources of the given type used by the specific entity and all of its sub-entities in the hierarchy.


+----------------------------------------------------------------------------------------------------------------------------------------------------------------------+
; Analysis & Synthesis RAM Summary                                                                                                                                     ;
+----------------------------------------------------------------+------------+------+--------------+--------------+--------------+--------------+--------+------------+
; Name                                                           ; Type       ; Mode ; Port A Depth ; Port A Width ; Port B Depth ; Port B Width ; Size   ; MIF        ;
+----------------------------------------------------------------+------------+------+--------------+--------------+--------------+--------------+--------+------------+
; altsyncram:rom_rtl_0|altsyncram_8gd1:auto_generated|ALTSYNCRAM ; M10K block ; ROM  ; 16128        ; 13           ; --           ; --           ; 209664 ; sprite.mif ;
+----------------------------------------------------------------+------------+------+--------------+--------------+--------------+--------------+--------+------------+


Encoding Type:  One-Hot
+----------------------------------------------------+
; State Machine - |dino|state                        ;
+-------------+------------+-----------+-------------+
; Name        ; state.OVER ; state.RUN ; state.READY ;
+-------------+------------+-----------+-------------+
; state.READY ; 0          ; 0         ; 0           ;
; state.RUN   ; 0          ; 1         ; 1           ;
; state.OVER  ; 1          ; 0         ; 1           ;
+-------------+------------+-----------+-------------+


+--------------------------------------------------------------------------------+
; Registers Removed During Synthesis                                             ;
+---------------------------------------+----------------------------------------+
; Register name                         ; Reason for Removal                     ;
+---------------------------------------+----------------------------------------+
; oh0[0,1,6]                            ; Stuck at GND due to stuck port data_in ;
; oh1[0,1,6]                            ; Stuck at GND due to stuck port data_in ;
; score_cnt[3]                          ; Stuck at GND due to stuck port data_in ;
; anim_cnt[3]                           ; Stuck at GND due to stuck port data_in ;
; Total Number of Removed Registers = 8 ;                                        ;
+---------------------------------------+----------------------------------------+


+------------------------------------------------------+
; General Register Statistics                          ;
+----------------------------------------------+-------+
; Statistic                                    ; Value ;
+----------------------------------------------+-------+
; Total registers                              ; 148   ;
; Number of registers using Synchronous Clear  ; 42    ;
; Number of registers using Synchronous Load   ; 0     ;
; Number of registers using Asynchronous Clear ; 0     ;
; Number of registers using Asynchronous Load  ; 0     ;
; Number of registers using Clock Enable       ; 121   ;
; Number of registers using Preset             ; 0     ;
+----------------------------------------------+-------+


+---------------------------------------------------+
; Inverted Register Statistics                      ;
+-----------------------------------------+---------+
; Inverted Register                       ; Fan out ;
+-----------------------------------------+---------+
; key_prev                                ; 28      ;
; dino_top[8]                             ; 4       ;
; dino_top[6]                             ; 5       ;
; dino_top[3]                             ; 8       ;
; ox1[2]                                  ; 7       ;
; ox0[2]                                  ; 7       ;
; ox0[9]                                  ; 7       ;
; ox0[7]                                  ; 6       ;
; ox0[5]                                  ; 7       ;
; ox0[4]                                  ; 6       ;
; ox0[3]                                  ; 6       ;
; oh0[5]                                  ; 4       ;
; ox1[9]                                  ; 7       ;
; ox1[7]                                  ; 6       ;
; ox1[5]                                  ; 7       ;
; ox1[4]                                  ; 7       ;
; ox1[3]                                  ; 6       ;
; oh1[5]                                  ; 4       ;
; lfsr[11]                                ; 3       ;
; lfsr[10]                                ; 5       ;
; on_ground                               ; 23      ;
; speed[2]                                ; 3       ;
; lfsr[0]                                 ; 2       ;
; lfsr[7]                                 ; 2       ;
; lfsr[6]                                 ; 2       ;
; lfsr[5]                                 ; 2       ;
; lfsr[15]                                ; 1       ;
; lfsr[13]                                ; 2       ;
; Total number of inverted registers = 28 ;         ;
+-----------------------------------------+---------+


+----------------------------------------------+
; Registers Packed Into Inferred Megafunctions ;
+---------------+--------------+---------------+
; Register Name ; Megafunction ; Type          ;
+---------------+--------------+---------------+
; spr_q[0..12]  ; rom_rtl_0    ; RAM           ;
+---------------+--------------+---------------+


+------------------------------------------------------------------------------------------------------------------------------------------+
; Multiplexer Restructuring Statistics (Restructuring Performed)                                                                           ;
+--------------------+-----------+---------------+----------------------+------------------------+------------+----------------------------+
; Multiplexer Inputs ; Bus Width ; Baseline Area ; Area if Restructured ; Saving if Restructured ; Registered ; Example Multiplexer Output ;
+--------------------+-----------+---------------+----------------------+------------------------+------------+----------------------------+
; 3:1                ; 3 bits    ; 6 LEs         ; 6 LEs                ; 0 LEs                  ; Yes        ; |dino|VGA_B[1]~reg0        ;
; 3:1                ; 8 bits    ; 16 LEs        ; 8 LEs                ; 8 LEs                  ; Yes        ; |dino|VGA_R[3]~reg0        ;
; 3:1                ; 4 bits    ; 8 LEs         ; 8 LEs                ; 0 LEs                  ; Yes        ; |dino|anim_cnt[1]          ;
; 5:1                ; 14 bits   ; 42 LEs        ; 0 LEs                ; 42 LEs                 ; Yes        ; |dino|score[13]            ;
; 5:1                ; 4 bits    ; 12 LEs        ; 0 LEs                ; 12 LEs                 ; Yes        ; |dino|oh0[6]               ;
; 5:1                ; 2 bits    ; 6 LEs         ; 2 LEs                ; 4 LEs                  ; Yes        ; |dino|oh0[3]               ;
; 5:1                ; 4 bits    ; 12 LEs        ; 0 LEs                ; 12 LEs                 ; Yes        ; |dino|oh1[6]               ;
; 5:1                ; 2 bits    ; 6 LEs         ; 2 LEs                ; 4 LEs                  ; Yes        ; |dino|oh1[3]               ;
; 5:1                ; 4 bits    ; 12 LEs        ; 8 LEs                ; 4 LEs                  ; Yes        ; |dino|score_cnt[0]         ;
; 3:1                ; 4 bits    ; 8 LEs         ; 4 LEs                ; 4 LEs                  ; Yes        ; |dino|dino_top[3]          ;
; 4:1                ; 2 bits    ; 4 LEs         ; 4 LEs                ; 0 LEs                  ; Yes        ; |dino|ox0[9]               ;
; 4:1                ; 4 bits    ; 8 LEs         ; 8 LEs                ; 0 LEs                  ; Yes        ; |dino|ox0[3]               ;
; 4:1                ; 4 bits    ; 8 LEs         ; 8 LEs                ; 0 LEs                  ; Yes        ; |dino|ox1[9]               ;
; 4:1                ; 2 bits    ; 4 LEs         ; 4 LEs                ; 0 LEs                  ; No         ; |dino|anim_frame           ;
; 7:1                ; 2 bits    ; 8 LEs         ; 4 LEs                ; 4 LEs                  ; No         ; |dino|state                ;
+--------------------+-----------+---------------+----------------------+------------------------+------------+----------------------------+


+----------------------------------------------------------------------------+
; Source assignments for altsyncram:rom_rtl_0|altsyncram_8gd1:auto_generated ;
+---------------------------------+--------------------+------+--------------+
; Assignment                      ; Value              ; From ; To           ;
+---------------------------------+--------------------+------+--------------+
; OPTIMIZE_POWER_DURING_SYNTHESIS ; NORMAL_COMPILATION ; -    ; -            ;
+---------------------------------+--------------------+------+--------------+


+----------------------------------------------------------------------------+
; Parameter Settings for Inferred Entity Instance: altsyncram:rom_rtl_0      ;
+------------------------------------+----------------------+----------------+
; Parameter Name                     ; Value                ; Type           ;
+------------------------------------+----------------------+----------------+
; BYTE_SIZE_BLOCK                    ; 8                    ; Untyped        ;
; AUTO_CARRY_CHAINS                  ; ON                   ; AUTO_CARRY     ;
; IGNORE_CARRY_BUFFERS               ; OFF                  ; IGNORE_CARRY   ;
; AUTO_CASCADE_CHAINS                ; ON                   ; AUTO_CASCADE   ;
; IGNORE_CASCADE_BUFFERS             ; OFF                  ; IGNORE_CASCADE ;
; WIDTH_BYTEENA                      ; 1                    ; Untyped        ;
; OPERATION_MODE                     ; ROM                  ; Untyped        ;
; WIDTH_A                            ; 13                   ; Untyped        ;
; WIDTHAD_A                          ; 14                   ; Untyped        ;
; NUMWORDS_A                         ; 16128                ; Untyped        ;
; OUTDATA_REG_A                      ; UNREGISTERED         ; Untyped        ;
; ADDRESS_ACLR_A                     ; NONE                 ; Untyped        ;
; OUTDATA_ACLR_A                     ; NONE                 ; Untyped        ;
; WRCONTROL_ACLR_A                   ; NONE                 ; Untyped        ;
; INDATA_ACLR_A                      ; NONE                 ; Untyped        ;
; BYTEENA_ACLR_A                     ; NONE                 ; Untyped        ;
; WIDTH_B                            ; 1                    ; Untyped        ;
; WIDTHAD_B                          ; 1                    ; Untyped        ;
; NUMWORDS_B                         ; 1                    ; Untyped        ;
; INDATA_REG_B                       ; CLOCK1               ; Untyped        ;
; WRCONTROL_WRADDRESS_REG_B          ; CLOCK1               ; Untyped        ;
; RDCONTROL_REG_B                    ; CLOCK1               ; Untyped        ;
; ADDRESS_REG_B                      ; CLOCK1               ; Untyped        ;
; OUTDATA_REG_B                      ; UNREGISTERED         ; Untyped        ;
; BYTEENA_REG_B                      ; CLOCK1               ; Untyped        ;
; INDATA_ACLR_B                      ; NONE                 ; Untyped        ;
; WRCONTROL_ACLR_B                   ; NONE                 ; Untyped        ;
; ADDRESS_ACLR_B                     ; NONE                 ; Untyped        ;
; OUTDATA_ACLR_B                     ; NONE                 ; Untyped        ;
; RDCONTROL_ACLR_B                   ; NONE                 ; Untyped        ;
; BYTEENA_ACLR_B                     ; NONE                 ; Untyped        ;
; WIDTH_BYTEENA_A                    ; 1                    ; Untyped        ;
; WIDTH_BYTEENA_B                    ; 1                    ; Untyped        ;
; RAM_BLOCK_TYPE                     ; M10K                 ; Untyped        ;
; BYTE_SIZE                          ; 8                    ; Untyped        ;
; READ_DURING_WRITE_MODE_MIXED_PORTS ; DONT_CARE            ; Untyped        ;
; READ_DURING_WRITE_MODE_PORT_A      ; NEW_DATA_NO_NBE_READ ; Untyped        ;
; READ_DURING_WRITE_MODE_PORT_B      ; NEW_DATA_NO_NBE_READ ; Untyped        ;
; INIT_FILE                          ; sprite.mif           ; Untyped        ;
; INIT_FILE_LAYOUT                   ; PORT_A               ; Untyped        ;
; MAXIMUM_DEPTH                      ; 0                    ; Untyped        ;
; CLOCK_ENABLE_INPUT_A               ; NORMAL               ; Untyped        ;
; CLOCK_ENABLE_INPUT_B               ; NORMAL               ; Untyped        ;
; CLOCK_ENABLE_OUTPUT_A              ; NORMAL               ; Untyped        ;
; CLOCK_ENABLE_OUTPUT_B              ; NORMAL               ; Untyped        ;
; CLOCK_ENABLE_CORE_A                ; USE_INPUT_CLKEN      ; Untyped        ;
; CLOCK_ENABLE_CORE_B                ; USE_INPUT_CLKEN      ; Untyped        ;
; ENABLE_ECC                         ; FALSE                ; Untyped        ;
; ECC_PIPELINE_STAGE_ENABLED         ; FALSE                ; Untyped        ;
; WIDTH_ECCSTATUS                    ; 3                    ; Untyped        ;
; DEVICE_FAMILY                      ; Cyclone V            ; Untyped        ;
; CBXI_PARAMETER                     ; altsyncram_8gd1      ; Untyped        ;
+------------------------------------+----------------------+----------------+
Note: In order to hide this table in the UI and the text report file, please set the "Show Parameter Settings in Synthesis Report" option in "Analysis and Synthesis Settings -> More Settings" to "Off".


+------------------------------------------------------------------+
; Parameter Settings for Inferred Entity Instance: lpm_divide:Mod0 ;
+------------------------+----------------+------------------------+
; Parameter Name         ; Value          ; Type                   ;
+------------------------+----------------+------------------------+
; LPM_WIDTHN             ; 14             ; Untyped                ;
; LPM_WIDTHD             ; 14             ; Untyped                ;
; LPM_NREPRESENTATION    ; UNSIGNED       ; Untyped                ;
; LPM_DREPRESENTATION    ; UNSIGNED       ; Untyped                ;
; LPM_PIPELINE           ; 0              ; Untyped                ;
; LPM_REMAINDERPOSITIVE  ; TRUE           ; Untyped                ;
; MAXIMIZE_SPEED         ; 5              ; Untyped                ;
; CBXI_PARAMETER         ; lpm_divide_65m ; Untyped                ;
; CARRY_CHAIN            ; MANUAL         ; Untyped                ;
; OPTIMIZE_FOR_SPEED     ; 5              ; Untyped                ;
; AUTO_CARRY_CHAINS      ; ON             ; AUTO_CARRY             ;
; IGNORE_CARRY_BUFFERS   ; OFF            ; IGNORE_CARRY           ;
; AUTO_CASCADE_CHAINS    ; ON             ; AUTO_CASCADE           ;
; IGNORE_CASCADE_BUFFERS ; OFF            ; IGNORE_CASCADE         ;
+------------------------+----------------+------------------------+
Note: In order to hide this table in the UI and the text report file, please set the "Show Parameter Settings in Synthesis Report" option in "Analysis and Synthesis Settings -> More Settings" to "Off".


+------------------------------------------------------------------+
; Parameter Settings for Inferred Entity Instance: lpm_divide:Div0 ;
+------------------------+----------------+------------------------+
; Parameter Name         ; Value          ; Type                   ;
+------------------------+----------------+------------------------+
; LPM_WIDTHN             ; 14             ; Untyped                ;
; LPM_WIDTHD             ; 4              ; Untyped                ;
; LPM_NREPRESENTATION    ; UNSIGNED       ; Untyped                ;
; LPM_DREPRESENTATION    ; UNSIGNED       ; Untyped                ;
; LPM_PIPELINE           ; 0              ; Untyped                ;
; LPM_REMAINDERPOSITIVE  ; TRUE           ; Untyped                ;
; MAXIMIZE_SPEED         ; 5              ; Untyped                ;
; CBXI_PARAMETER         ; lpm_divide_ibm ; Untyped                ;
; CARRY_CHAIN            ; MANUAL         ; Untyped                ;
; OPTIMIZE_FOR_SPEED     ; 5              ; Untyped                ;
; AUTO_CARRY_CHAINS      ; ON             ; AUTO_CARRY             ;
; IGNORE_CARRY_BUFFERS   ; OFF            ; IGNORE_CARRY           ;
; AUTO_CASCADE_CHAINS    ; ON             ; AUTO_CASCADE           ;
; IGNORE_CASCADE_BUFFERS ; OFF            ; IGNORE_CASCADE         ;
+------------------------+----------------+------------------------+
Note: In order to hide this table in the UI and the text report file, please set the "Show Parameter Settings in Synthesis Report" option in "Analysis and Synthesis Settings -> More Settings" to "Off".


+------------------------------------------------------------------+
; Parameter Settings for Inferred Entity Instance: lpm_divide:Mod1 ;
+------------------------+----------------+------------------------+
; Parameter Name         ; Value          ; Type                   ;
+------------------------+----------------+------------------------+
; LPM_WIDTHN             ; 14             ; Untyped                ;
; LPM_WIDTHD             ; 14             ; Untyped                ;
; LPM_NREPRESENTATION    ; UNSIGNED       ; Untyped                ;
; LPM_DREPRESENTATION    ; UNSIGNED       ; Untyped                ;
; LPM_PIPELINE           ; 0              ; Untyped                ;
; LPM_REMAINDERPOSITIVE  ; TRUE           ; Untyped                ;
; MAXIMIZE_SPEED         ; 5              ; Untyped                ;
; CBXI_PARAMETER         ; lpm_divide_65m ; Untyped                ;
; CARRY_CHAIN            ; MANUAL         ; Untyped                ;
; OPTIMIZE_FOR_SPEED     ; 5              ; Untyped                ;
; AUTO_CARRY_CHAINS      ; ON             ; AUTO_CARRY             ;
; IGNORE_CARRY_BUFFERS   ; OFF            ; IGNORE_CARRY           ;
; AUTO_CASCADE_CHAINS    ; ON             ; AUTO_CASCADE           ;
; IGNORE_CASCADE_BUFFERS ; OFF            ; IGNORE_CASCADE         ;
+------------------------+----------------+------------------------+
Note: In order to hide this table in the UI and the text report file, please set the "Show Parameter Settings in Synthesis Report" option in "Analysis and Synthesis Settings -> More Settings" to "Off".


+------------------------------------------------------------------+
; Parameter Settings for Inferred Entity Instance: lpm_divide:Div1 ;
+------------------------+----------------+------------------------+
; Parameter Name         ; Value          ; Type                   ;
+------------------------+----------------+------------------------+
; LPM_WIDTHN             ; 14             ; Untyped                ;
; LPM_WIDTHD             ; 7              ; Untyped                ;
; LPM_NREPRESENTATION    ; UNSIGNED       ; Untyped                ;
; LPM_DREPRESENTATION    ; UNSIGNED       ; Untyped                ;
; LPM_PIPELINE           ; 0              ; Untyped                ;
; LPM_REMAINDERPOSITIVE  ; TRUE           ; Untyped                ;
; MAXIMIZE_SPEED         ; 5              ; Untyped                ;
; CBXI_PARAMETER         ; lpm_divide_lbm ; Untyped                ;
; CARRY_CHAIN            ; MANUAL         ; Untyped                ;
; OPTIMIZE_FOR_SPEED     ; 5              ; Untyped                ;
; AUTO_CARRY_CHAINS      ; ON             ; AUTO_CARRY             ;
; IGNORE_CARRY_BUFFERS   ; OFF            ; IGNORE_CARRY           ;
; AUTO_CASCADE_CHAINS    ; ON             ; AUTO_CASCADE           ;
; IGNORE_CASCADE_BUFFERS ; OFF            ; IGNORE_CASCADE         ;
+------------------------+----------------+------------------------+
Note: In order to hide this table in the UI and the text report file, please set the "Show Parameter Settings in Synthesis Report" option in "Analysis and Synthesis Settings -> More Settings" to "Off".


+------------------------------------------------------------------+
; Parameter Settings for Inferred Entity Instance: lpm_divide:Mod2 ;
+------------------------+----------------+------------------------+
; Parameter Name         ; Value          ; Type                   ;
+------------------------+----------------+------------------------+
; LPM_WIDTHN             ; 14             ; Untyped                ;
; LPM_WIDTHD             ; 14             ; Untyped                ;
; LPM_NREPRESENTATION    ; UNSIGNED       ; Untyped                ;
; LPM_DREPRESENTATION    ; UNSIGNED       ; Untyped                ;
; LPM_PIPELINE           ; 0              ; Untyped                ;
; LPM_REMAINDERPOSITIVE  ; TRUE           ; Untyped                ;
; MAXIMIZE_SPEED         ; 5              ; Untyped                ;
; CBXI_PARAMETER         ; lpm_divide_65m ; Untyped                ;
; CARRY_CHAIN            ; MANUAL         ; Untyped                ;
; OPTIMIZE_FOR_SPEED     ; 5              ; Untyped                ;
; AUTO_CARRY_CHAINS      ; ON             ; AUTO_CARRY             ;
; IGNORE_CARRY_BUFFERS   ; OFF            ; IGNORE_CARRY           ;
; AUTO_CASCADE_CHAINS    ; ON             ; AUTO_CASCADE           ;
; IGNORE_CASCADE_BUFFERS ; OFF            ; IGNORE_CASCADE         ;
+------------------------+----------------+------------------------+
Note: In order to hide this table in the UI and the text report file, please set the "Show Parameter Settings in Synthesis Report" option in "Analysis and Synthesis Settings -> More Settings" to "Off".


+------------------------------------------------------------------+
; Parameter Settings for Inferred Entity Instance: lpm_divide:Div2 ;
+------------------------+----------------+------------------------+
; Parameter Name         ; Value          ; Type                   ;
+------------------------+----------------+------------------------+
; LPM_WIDTHN             ; 14             ; Untyped                ;
; LPM_WIDTHD             ; 10             ; Untyped                ;
; LPM_NREPRESENTATION    ; UNSIGNED       ; Untyped                ;
; LPM_DREPRESENTATION    ; UNSIGNED       ; Untyped                ;
; LPM_PIPELINE           ; 0              ; Untyped                ;
; LPM_REMAINDERPOSITIVE  ; TRUE           ; Untyped                ;
; MAXIMIZE_SPEED         ; 5              ; Untyped                ;
; CBXI_PARAMETER         ; lpm_divide_vcm ; Untyped                ;
; CARRY_CHAIN            ; MANUAL         ; Untyped                ;
; OPTIMIZE_FOR_SPEED     ; 5              ; Untyped                ;
; AUTO_CARRY_CHAINS      ; ON             ; AUTO_CARRY             ;
; IGNORE_CARRY_BUFFERS   ; OFF            ; IGNORE_CARRY           ;
; AUTO_CASCADE_CHAINS    ; ON             ; AUTO_CASCADE           ;
; IGNORE_CASCADE_BUFFERS ; OFF            ; IGNORE_CASCADE         ;
+------------------------+----------------+------------------------+
Note: In order to hide this table in the UI and the text report file, please set the "Show Parameter Settings in Synthesis Report" option in "Analysis and Synthesis Settings -> More Settings" to "Off".


+------------------------------------------------------------------+
; Parameter Settings for Inferred Entity Instance: lpm_divide:Mod3 ;
+------------------------+----------------+------------------------+
; Parameter Name         ; Value          ; Type                   ;
+------------------------+----------------+------------------------+
; LPM_WIDTHN             ; 14             ; Untyped                ;
; LPM_WIDTHD             ; 14             ; Untyped                ;
; LPM_NREPRESENTATION    ; UNSIGNED       ; Untyped                ;
; LPM_DREPRESENTATION    ; UNSIGNED       ; Untyped                ;
; LPM_PIPELINE           ; 0              ; Untyped                ;
; LPM_REMAINDERPOSITIVE  ; TRUE           ; Untyped                ;
; MAXIMIZE_SPEED         ; 5              ; Untyped                ;
; CBXI_PARAMETER         ; lpm_divide_65m ; Untyped                ;
; CARRY_CHAIN            ; MANUAL         ; Untyped                ;
; OPTIMIZE_FOR_SPEED     ; 5              ; Untyped                ;
; AUTO_CARRY_CHAINS      ; ON             ; AUTO_CARRY             ;
; IGNORE_CARRY_BUFFERS   ; OFF            ; IGNORE_CARRY           ;
; AUTO_CASCADE_CHAINS    ; ON             ; AUTO_CASCADE           ;
; IGNORE_CASCADE_BUFFERS ; OFF            ; IGNORE_CASCADE         ;
+------------------------+----------------+------------------------+
Note: In order to hide this table in the UI and the text report file, please set the "Show Parameter Settings in Synthesis Report" option in "Analysis and Synthesis Settings -> More Settings" to "Off".


+------------------------------------------------------------------+
; altsyncram Parameter Settings by Entity Instance                 ;
+-------------------------------------------+----------------------+
; Name                                      ; Value                ;
+-------------------------------------------+----------------------+
; Number of entity instances                ; 1                    ;
; Entity Instance                           ; altsyncram:rom_rtl_0 ;
;     -- OPERATION_MODE                     ; ROM                  ;
;     -- WIDTH_A                            ; 13                   ;
;     -- NUMWORDS_A                         ; 16128                ;
;     -- OUTDATA_REG_A                      ; UNREGISTERED         ;
;     -- WIDTH_B                            ; 1                    ;
;     -- NUMWORDS_B                         ; 1                    ;
;     -- ADDRESS_REG_B                      ; CLOCK1               ;
;     -- OUTDATA_REG_B                      ; UNREGISTERED         ;
;     -- RAM_BLOCK_TYPE                     ; M10K                 ;
;     -- READ_DURING_WRITE_MODE_MIXED_PORTS ; DONT_CARE            ;
+-------------------------------------------+----------------------+


+-----------------------------------------------------+
; Post-Synthesis Netlist Statistics for Top Partition ;
+-----------------------+-----------------------------+
; Type                  ; Count                       ;
+-----------------------+-----------------------------+
; arriav_ff             ; 148                         ;
;     ENA               ; 79                          ;
;     ENA SCLR          ; 42                          ;
;     plain             ; 27                          ;
; arriav_lcell_comb     ; 1531                        ;
;     arith             ; 620                         ;
;         0 data inputs ; 104                         ;
;         1 data inputs ; 128                         ;
;         2 data inputs ; 31                          ;
;         3 data inputs ; 198                         ;
;         4 data inputs ; 151                         ;
;         5 data inputs ; 8                           ;
;     extend            ; 4                           ;
;         7 data inputs ; 4                           ;
;     normal            ; 786                         ;
;         0 data inputs ; 1                           ;
;         1 data inputs ; 12                          ;
;         2 data inputs ; 279                         ;
;         3 data inputs ; 145                         ;
;         4 data inputs ; 131                         ;
;         5 data inputs ; 131                         ;
;         6 data inputs ; 87                          ;
;     shared            ; 121                         ;
;         0 data inputs ; 17                          ;
;         1 data inputs ; 61                          ;
;         2 data inputs ; 32                          ;
;         3 data inputs ; 10                          ;
;         4 data inputs ; 1                           ;
; boundary_port         ; 71                          ;
; stratixv_ram_block    ; 26                          ;
;                       ;                             ;
; Max LUT depth         ; 25.30                       ;
; Average LUT depth     ; 15.76                       ;
+-----------------------+-----------------------------+


+-------------------------------+
; Elapsed Time Per Partition    ;
+----------------+--------------+
; Partition Name ; Elapsed Time ;
+----------------+--------------+
; Top            ; 00:00:13     ;
+----------------+--------------+


+-------------------------------+
; Analysis & Synthesis Messages ;
+-------------------------------+
Info: *******************************************************************
Info: Running Quartus Prime Analysis & Synthesis
    Info: Version 25.1std.0 Build 1129 10/21/2025 SC Lite Edition
    Info: Processing started: Fri Jun 19 15:14:59 2026
Info: Command: quartus_map --read_settings_files=on --write_settings_files=off dino -c dino
Warning (18236): Number of processors has not been specified which may cause overloading on shared machines.  Set the global assignment NUM_PARALLEL_PROCESSORS in your QSF to an appropriate value for best performance.
Info (20030): Parallel compilation is enabled and will use 12 of the 12 processors detected
Info (12021): Found 2 design units, including 1 entities, in source file dino.vhd
    Info (12022): Found design unit 1: dino-RTL File: C:/Users/kaga/Desktop/FPGA-Monitor/dino/dino.vhd Line: 33
    Info (12023): Found entity 1: dino File: C:/Users/kaga/Desktop/FPGA-Monitor/dino/dino.vhd Line: 14
Info (12127): Elaborating entity "dino" for the top level hierarchy
Warning (10541): VHDL Signal Declaration warning at dino.vhd(68): used implicit default value for signal "rom" because signal was never assigned a value or an explicit default value. Use of implicit default value may introduce unintended design optimizations. File: C:/Users/kaga/Desktop/FPGA-Monitor/dino/dino.vhd Line: 68
Info (19000): Inferred 1 megafunctions from design logic
    Info (276029): Inferred altsyncram megafunction from the following design logic: "rom_rtl_0" 
        Info (286033): Parameter OPERATION_MODE set to ROM
        Info (286033): Parameter WIDTH_A set to 13
        Info (286033): Parameter WIDTHAD_A set to 14
        Info (286033): Parameter NUMWORDS_A set to 16128
        Info (286033): Parameter OUTDATA_REG_A set to UNREGISTERED
        Info (286033): Parameter ADDRESS_ACLR_A set to NONE
        Info (286033): Parameter OUTDATA_ACLR_A set to NONE
        Info (286033): Parameter INDATA_ACLR_A set to NONE
        Info (286033): Parameter WRCONTROL_ACLR_A set to NONE
        Info (286033): Parameter RAM_BLOCK_TYPE set to M10K
        Info (286033): Parameter INIT_FILE set to sprite.mif
Info (278001): Inferred 7 megafunctions from design logic
    Info (278004): Inferred divider/modulo megafunction ("lpm_divide") from the following logic: "Mod0" File: C:/Users/kaga/Desktop/FPGA-Monitor/dino/dino.vhd Line: 115
    Info (278004): Inferred divider/modulo megafunction ("lpm_divide") from the following logic: "Div0" File: C:/Users/kaga/Desktop/FPGA-Monitor/dino/dino.vhd Line: 116
    Info (278004): Inferred divider/modulo megafunction ("lpm_divide") from the following logic: "Mod1" File: C:/Users/kaga/Desktop/FPGA-Monitor/dino/dino.vhd Line: 116
    Info (278004): Inferred divider/modulo megafunction ("lpm_divide") from the following logic: "Div1" File: C:/Users/kaga/Desktop/FPGA-Monitor/dino/dino.vhd Line: 117
    Info (278004): Inferred divider/modulo megafunction ("lpm_divide") from the following logic: "Mod2" File: C:/Users/kaga/Desktop/FPGA-Monitor/dino/dino.vhd Line: 117
    Info (278004): Inferred divider/modulo megafunction ("lpm_divide") from the following logic: "Div2" File: C:/Users/kaga/Desktop/FPGA-Monitor/dino/dino.vhd Line: 118
    Info (278004): Inferred divider/modulo megafunction ("lpm_divide") from the following logic: "Mod3" File: C:/Users/kaga/Desktop/FPGA-Monitor/dino/dino.vhd Line: 118
Info (12130): Elaborated megafunction instantiation "altsyncram:rom_rtl_0"
Info (12133): Instantiated megafunction "altsyncram:rom_rtl_0" with the following parameter:
    Info (12134): Parameter "OPERATION_MODE" = "ROM"
    Info (12134): Parameter "WIDTH_A" = "13"
    Info (12134): Parameter "WIDTHAD_A" = "14"
    Info (12134): Parameter "NUMWORDS_A" = "16128"
    Info (12134): Parameter "OUTDATA_REG_A" = "UNREGISTERED"
    Info (12134): Parameter "ADDRESS_ACLR_A" = "NONE"
    Info (12134): Parameter "OUTDATA_ACLR_A" = "NONE"
    Info (12134): Parameter "INDATA_ACLR_A" = "NONE"
    Info (12134): Parameter "WRCONTROL_ACLR_A" = "NONE"
    Info (12134): Parameter "RAM_BLOCK_TYPE" = "M10K"
    Info (12134): Parameter "INIT_FILE" = "sprite.mif"
Info (12021): Found 1 design units, including 1 entities, in source file db/altsyncram_8gd1.tdf
    Info (12023): Found entity 1: altsyncram_8gd1 File: C:/Users/kaga/Desktop/FPGA-Monitor/dino/db/altsyncram_8gd1.tdf Line: 30
Info (12021): Found 1 design units, including 1 entities, in source file db/mux_1hb.tdf
    Info (12023): Found entity 1: mux_1hb File: C:/Users/kaga/Desktop/FPGA-Monitor/dino/db/mux_1hb.tdf Line: 23
Info (12130): Elaborated megafunction instantiation "lpm_divide:Mod0" File: C:/Users/kaga/Desktop/FPGA-Monitor/dino/dino.vhd Line: 115
Info (12133): Instantiated megafunction "lpm_divide:Mod0" with the following parameter: File: C:/Users/kaga/Desktop/FPGA-Monitor/dino/dino.vhd Line: 115
    Info (12134): Parameter "LPM_WIDTHN" = "14"
    Info (12134): Parameter "LPM_WIDTHD" = "14"
    Info (12134): Parameter "LPM_NREPRESENTATION" = "UNSIGNED"
    Info (12134): Parameter "LPM_DREPRESENTATION" = "UNSIGNED"
Info (12021): Found 1 design units, including 1 entities, in source file db/lpm_divide_65m.tdf
    Info (12023): Found entity 1: lpm_divide_65m File: C:/Users/kaga/Desktop/FPGA-Monitor/dino/db/lpm_divide_65m.tdf Line: 25
Info (12021): Found 1 design units, including 1 entities, in source file db/sign_div_unsign_9nh.tdf
    Info (12023): Found entity 1: sign_div_unsign_9nh File: C:/Users/kaga/Desktop/FPGA-Monitor/dino/db/sign_div_unsign_9nh.tdf Line: 25
Info (12021): Found 1 design units, including 1 entities, in source file db/alt_u_div_o2f.tdf
    Info (12023): Found entity 1: alt_u_div_o2f File: C:/Users/kaga/Desktop/FPGA-Monitor/dino/db/alt_u_div_o2f.tdf Line: 23
Info (12130): Elaborated megafunction instantiation "lpm_divide:Div0" File: C:/Users/kaga/Desktop/FPGA-Monitor/dino/dino.vhd Line: 116
Info (12133): Instantiated megafunction "lpm_divide:Div0" with the following parameter: File: C:/Users/kaga/Desktop/FPGA-Monitor/dino/dino.vhd Line: 116
    Info (12134): Parameter "LPM_WIDTHN" = "14"
    Info (12134): Parameter "LPM_WIDTHD" = "4"
    Info (12134): Parameter "LPM_NREPRESENTATION" = "UNSIGNED"
    Info (12134): Parameter "LPM_DREPRESENTATION" = "UNSIGNED"
Info (12021): Found 1 design units, including 1 entities, in source file db/lpm_divide_ibm.tdf
    Info (12023): Found entity 1: lpm_divide_ibm File: C:/Users/kaga/Desktop/FPGA-Monitor/dino/db/lpm_divide_ibm.tdf Line: 25
Info (12021): Found 1 design units, including 1 entities, in source file db/sign_div_unsign_olh.tdf
    Info (12023): Found entity 1: sign_div_unsign_olh File: C:/Users/kaga/Desktop/FPGA-Monitor/dino/db/sign_div_unsign_olh.tdf Line: 25
Info (12021): Found 1 design units, including 1 entities, in source file db/alt_u_div_mve.tdf
    Info (12023): Found entity 1: alt_u_div_mve File: C:/Users/kaga/Desktop/FPGA-Monitor/dino/db/alt_u_div_mve.tdf Line: 23
Info (12130): Elaborated megafunction instantiation "lpm_divide:Div1" File: C:/Users/kaga/Desktop/FPGA-Monitor/dino/dino.vhd Line: 117
Info (12133): Instantiated megafunction "lpm_divide:Div1" with the following parameter: File: C:/Users/kaga/Desktop/FPGA-Monitor/dino/dino.vhd Line: 117
    Info (12134): Parameter "LPM_WIDTHN" = "14"
    Info (12134): Parameter "LPM_WIDTHD" = "7"
    Info (12134): Parameter "LPM_NREPRESENTATION" = "UNSIGNED"
    Info (12134): Parameter "LPM_DREPRESENTATION" = "UNSIGNED"
Info (12021): Found 1 design units, including 1 entities, in source file db/lpm_divide_lbm.tdf
    Info (12023): Found entity 1: lpm_divide_lbm File: C:/Users/kaga/Desktop/FPGA-Monitor/dino/db/lpm_divide_lbm.tdf Line: 25
Info (12021): Found 1 design units, including 1 entities, in source file db/sign_div_unsign_rlh.tdf
    Info (12023): Found entity 1: sign_div_unsign_rlh File: C:/Users/kaga/Desktop/FPGA-Monitor/dino/db/sign_div_unsign_rlh.tdf Line: 25
Info (12021): Found 1 design units, including 1 entities, in source file db/alt_u_div_sve.tdf
    Info (12023): Found entity 1: alt_u_div_sve File: C:/Users/kaga/Desktop/FPGA-Monitor/dino/db/alt_u_div_sve.tdf Line: 23
Info (12130): Elaborated megafunction instantiation "lpm_divide:Div2" File: C:/Users/kaga/Desktop/FPGA-Monitor/dino/dino.vhd Line: 118
Info (12133): Instantiated megafunction "lpm_divide:Div2" with the following parameter: File: C:/Users/kaga/Desktop/FPGA-Monitor/dino/dino.vhd Line: 118
    Info (12134): Parameter "LPM_WIDTHN" = "14"
    Info (12134): Parameter "LPM_WIDTHD" = "10"
    Info (12134): Parameter "LPM_NREPRESENTATION" = "UNSIGNED"
    Info (12134): Parameter "LPM_DREPRESENTATION" = "UNSIGNED"
Info (12021): Found 1 design units, including 1 entities, in source file db/lpm_divide_vcm.tdf
    Info (12023): Found entity 1: lpm_divide_vcm File: C:/Users/kaga/Desktop/FPGA-Monitor/dino/db/lpm_divide_vcm.tdf Line: 25
Info (12021): Found 1 design units, including 1 entities, in source file db/sign_div_unsign_5nh.tdf
    Info (12023): Found entity 1: sign_div_unsign_5nh File: C:/Users/kaga/Desktop/FPGA-Monitor/dino/db/sign_div_unsign_5nh.tdf Line: 25
Info (12021): Found 1 design units, including 1 entities, in source file db/alt_u_div_g2f.tdf
    Info (12023): Found entity 1: alt_u_div_g2f File: C:/Users/kaga/Desktop/FPGA-Monitor/dino/db/alt_u_div_g2f.tdf Line: 23
Warning (13024): Output pins are stuck at VCC or GND
    Warning (13410): Pin "HEX4[0]" is stuck at VCC File: C:/Users/kaga/Desktop/FPGA-Monitor/dino/dino.vhd Line: 28
    Warning (13410): Pin "HEX4[1]" is stuck at VCC File: C:/Users/kaga/Desktop/FPGA-Monitor/dino/dino.vhd Line: 28
    Warning (13410): Pin "HEX4[2]" is stuck at VCC File: C:/Users/kaga/Desktop/FPGA-Monitor/dino/dino.vhd Line: 28
    Warning (13410): Pin "HEX4[3]" is stuck at VCC File: C:/Users/kaga/Desktop/FPGA-Monitor/dino/dino.vhd Line: 28
    Warning (13410): Pin "HEX4[4]" is stuck at VCC File: C:/Users/kaga/Desktop/FPGA-Monitor/dino/dino.vhd Line: 28
    Warning (13410): Pin "HEX4[5]" is stuck at VCC File: C:/Users/kaga/Desktop/FPGA-Monitor/dino/dino.vhd Line: 28
    Warning (13410): Pin "HEX4[6]" is stuck at VCC File: C:/Users/kaga/Desktop/FPGA-Monitor/dino/dino.vhd Line: 28
    Warning (13410): Pin "HEX5[0]" is stuck at VCC File: C:/Users/kaga/Desktop/FPGA-Monitor/dino/dino.vhd Line: 29
    Warning (13410): Pin "HEX5[1]" is stuck at VCC File: C:/Users/kaga/Desktop/FPGA-Monitor/dino/dino.vhd Line: 29
    Warning (13410): Pin "HEX5[2]" is stuck at VCC File: C:/Users/kaga/Desktop/FPGA-Monitor/dino/dino.vhd Line: 29
    Warning (13410): Pin "HEX5[3]" is stuck at VCC File: C:/Users/kaga/Desktop/FPGA-Monitor/dino/dino.vhd Line: 29
    Warning (13410): Pin "HEX5[4]" is stuck at VCC File: C:/Users/kaga/Desktop/FPGA-Monitor/dino/dino.vhd Line: 29
    Warning (13410): Pin "HEX5[5]" is stuck at VCC File: C:/Users/kaga/Desktop/FPGA-Monitor/dino/dino.vhd Line: 29
    Warning (13410): Pin "HEX5[6]" is stuck at VCC File: C:/Users/kaga/Desktop/FPGA-Monitor/dino/dino.vhd Line: 29
Info (286030): Timing-Driven Synthesis is running
Info (16010): Generating hard_block partition "hard_block:auto_generated_inst"
    Info (16011): Adding 0 node(s), including 0 DDIO, 0 PLL, 0 transceiver and 0 LCELL
Warning (21074): Design contains 13 input pin(s) that do not drive logic
    Warning (15610): No output dependent on input pin "KEY[1]" File: C:/Users/kaga/Desktop/FPGA-Monitor/dino/dino.vhd Line: 17
    Warning (15610): No output dependent on input pin "KEY[2]" File: C:/Users/kaga/Desktop/FPGA-Monitor/dino/dino.vhd Line: 17
    Warning (15610): No output dependent on input pin "KEY[3]" File: C:/Users/kaga/Desktop/FPGA-Monitor/dino/dino.vhd Line: 17
    Warning (15610): No output dependent on input pin "SW[0]" File: C:/Users/kaga/Desktop/FPGA-Monitor/dino/dino.vhd Line: 18
    Warning (15610): No output dependent on input pin "SW[1]" File: C:/Users/kaga/Desktop/FPGA-Monitor/dino/dino.vhd Line: 18
    Warning (15610): No output dependent on input pin "SW[2]" File: C:/Users/kaga/Desktop/FPGA-Monitor/dino/dino.vhd Line: 18
    Warning (15610): No output dependent on input pin "SW[3]" File: C:/Users/kaga/Desktop/FPGA-Monitor/dino/dino.vhd Line: 18
    Warning (15610): No output dependent on input pin "SW[4]" File: C:/Users/kaga/Desktop/FPGA-Monitor/dino/dino.vhd Line: 18
    Warning (15610): No output dependent on input pin "SW[5]" File: C:/Users/kaga/Desktop/FPGA-Monitor/dino/dino.vhd Line: 18
    Warning (15610): No output dependent on input pin "SW[6]" File: C:/Users/kaga/Desktop/FPGA-Monitor/dino/dino.vhd Line: 18
    Warning (15610): No output dependent on input pin "SW[7]" File: C:/Users/kaga/Desktop/FPGA-Monitor/dino/dino.vhd Line: 18
    Warning (15610): No output dependent on input pin "SW[8]" File: C:/Users/kaga/Desktop/FPGA-Monitor/dino/dino.vhd Line: 18
    Warning (15610): No output dependent on input pin "SW[9]" File: C:/Users/kaga/Desktop/FPGA-Monitor/dino/dino.vhd Line: 18
Info (21057): Implemented 1640 device resources after synthesis - the final resource count might be different
    Info (21058): Implemented 15 input pins
    Info (21059): Implemented 56 output pins
    Info (21061): Implemented 1543 logic cells
    Info (21064): Implemented 26 RAM segments
Info: Quartus Prime Analysis & Synthesis was successful. 0 errors, 31 warnings
    Info: Peak virtual memory: 4991 megabytes
    Info: Processing ended: Fri Jun 19 15:15:32 2026
    Info: Elapsed time: 00:00:33
    Info: Total CPU time (on all processors): 00:01:00


